<?xml version="1.0" encoding="UTF-8"?>
<!-- Generated by org.testng.reporters.JUnitReportReporter -->
<testsuite skipped="0" hostname="nineleaps-ThinkPad-E480" name="driver.DriverScript" tests="1" failures="0" timestamp="13 Mar 2019 04:33:31 GMT" time="0.001" errors="0">
  <testcase name="runTestScripts" time="0.001" classname="driver.DriverScript"/>
</testsuite> <!-- driver.DriverScript -->
